Using pre-set license
Built from '2020.3/staging' branch; Version is '2020.3.38f1 (8f5fde82e2dc) revision 9396190'; Using compiler version '192528614'; Build Type 'Release'
OS: 'Windows 10  (10.0.19044) 64bit Core' Language: 'en' Physical Memory: 8023 MB
BatchMode: 1, IsHumanControllingUs: 0, StartBugReporterOnCrash: 0, Is64bit: 1, IsPro: 0

COMMAND LINE ARGUMENTS:
C:\Program Files\Unity\Hub\Editor\2020.3.38f1\Editor\Unity.exe
-adb2
-batchMode
-noUpm
-name
AssetImportWorker0
-projectPath
C:/Users/kenji/OneDrive/Documents/GitHub/ca2_fpsgroup-froginator/src/froginator_CA_2
-logFile
Logs/AssetImportWorker0.log
-srvPort
60501
Successfully changed project path to: C:/Users/kenji/OneDrive/Documents/GitHub/ca2_fpsgroup-froginator/src/froginator_CA_2
C:/Users/kenji/OneDrive/Documents/GitHub/ca2_fpsgroup-froginator/src/froginator_CA_2
Using Asset Import Pipeline V2.
Refreshing native plugins compatible for Editor in 125.18 ms, found 2 plugins.
Preloading 0 native plugins for Editor in 0.00 ms.
Initialize engine version: 2020.3.38f1 (8f5fde82e2dc)
[Subsystems] Discovering subsystems at path C:/Program Files/Unity/Hub/Editor/2020.3.38f1/Editor/Data/Resources/UnitySubsystems
[Subsystems] Discovering subsystems at path C:/Users/kenji/OneDrive/Documents/GitHub/ca2_fpsgroup-froginator/src/froginator_CA_2/Assets
GfxDevice: creating device client; threaded=0
Direct3D:
    Version:  Direct3D 11.0 [level 11.1]
    Renderer: NVIDIA GeForce GTX 1650 (ID=0x1f99)
    Vendor:   
    VRAM:     3962 MB
    Driver:   30.0.15.1259
Initialize mono
Mono path[0] = 'C:/Program Files/Unity/Hub/Editor/2020.3.38f1/Editor/Data/Managed'
Mono path[1] = 'C:/Program Files/Unity/Hub/Editor/2020.3.38f1/Editor/Data/MonoBleedingEdge/lib/mono/unityjit'
Mono config path = 'C:/Program Files/Unity/Hub/Editor/2020.3.38f1/Editor/Data/MonoBleedingEdge/etc'
Using monoOptions --debugger-agent=transport=dt_socket,embedding=1,server=y,suspend=n,address=127.0.0.1:56516
Begin MonoManager ReloadAssembly
Registering precompiled unity dll's ...
Register platform support module: C:/Program Files/Unity/Hub/Editor/2020.3.38f1/Editor/Data/PlaybackEngines/WindowsStandaloneSupport/UnityEditor.WindowsStandalone.Extensions.dll
Registered in 0.007081 seconds.
Native extension for WindowsStandalone target not found
Refreshing native plugins compatible for Editor in 203.48 ms, found 2 plugins.
Preloading 0 native plugins for Editor in 0.00 ms.
Mono: successfully reloaded assembly
- Completed reload, in  1.626 seconds
Domain Reload Profiling:
	ReloadAssembly (1628ms)
		BeginReloadAssembly (189ms)
			ExecutionOrderSort (0ms)
			DisableScriptedObjects (0ms)
			BackupInstance (0ms)
			ReleaseScriptingObjects (0ms)
			CreateAndSetChildDomain (4ms)
		EndReloadAssembly (1237ms)
			LoadAssemblies (177ms)
			RebuildTransferFunctionScriptingTraits (1ms)
			SetupTypeCache (334ms)
			ReleaseScriptCaches (0ms)
			RebuildScriptCaches (61ms)
			SetupLoadedEditorAssemblies (600ms)
				LogAssemblyErrors (0ms)
				InitializePlatformSupportModulesInManaged (12ms)
				SetLoadedEditorAssemblies (0ms)
				RefreshPlugins (204ms)
				BeforeProcessingInitializeOnLoad (18ms)
				ProcessInitializeOnLoadAttributes (297ms)
				ProcessInitializeOnLoadMethodAttributes (67ms)
				AfterProcessingInitializeOnLoad (0ms)
				EditorAssembliesLoaded (1ms)
			ExecutionOrderSort2 (0ms)
			AwakeInstancesAfterBackupRestoration (0ms)
Platform modules already initialized, skipping
Registering precompiled user dll's ...
Registered in 0.016026 seconds.
Begin MonoManager ReloadAssembly
Failed loading assembly Library/ScriptAssemblies/Assembly-CSharp.dll reason: File does not contain a valid CIL image
Loading assembly failed: "Library/ScriptAssemblies/Assembly-CSharp.dll" reason: File does not contain a valid CIL image
Failed loading assembly Library/ScriptAssemblies/Assembly-CSharp-Editor.dll reason: File does not contain a valid CIL image
Loading assembly failed: "Library/ScriptAssemblies/Assembly-CSharp-Editor.dll" reason: File does not contain a valid CIL image
Failed loading assembly Library/ScriptAssemblies/Unity.VSCode.Editor.dll reason: File does not contain a valid CIL image
Loading assembly failed: "Library/ScriptAssemblies/Unity.VSCode.Editor.dll" reason: File does not contain a valid CIL image
Failed loading assembly Library/ScriptAssemblies/Unity.TextMeshPro.Editor.dll reason: File does not contain a valid CIL image
Loading assembly failed: "Library/ScriptAssemblies/Unity.TextMeshPro.Editor.dll" reason: File does not contain a valid CIL image
Failed loading assembly Library/ScriptAssemblies/Unity.VisualStudio.Editor.dll reason: File does not contain a valid CIL image
Loading assembly failed: "Library/ScriptAssemblies/Unity.VisualStudio.Editor.dll" reason: File does not contain a valid CIL image
Failed loading assembly Library/ScriptAssemblies/Unity.ProBuilder.AddOns.Editor.dll reason: File does not contain a valid CIL image
Loading assembly failed: "Library/ScriptAssemblies/Unity.ProBuilder.AddOns.Editor.dll" reason: File does not contain a valid CIL image
Failed loading assembly Library/ScriptAssemblies/UnityEngine.TestRunner.dll reason: File does not contain a valid CIL image
Loading assembly failed: "Library/ScriptAssemblies/UnityEngine.TestRunner.dll" reason: File does not contain a valid CIL image
Failed loading assembly Library/ScriptAssemblies/Unity.Timeline.dll reason: File does not contain a valid CIL image
Loading assembly failed: "Library/ScriptAssemblies/Unity.Timeline.dll" reason: File does not contain a valid CIL image
Failed loading assembly Library/ScriptAssemblies/Unity.TextMeshPro.dll reason: File does not contain a valid CIL image
Loading assembly failed: "Library/ScriptAssemblies/Unity.TextMeshPro.dll" reason: File does not contain a valid CIL image
Failed loading assembly Library/ScriptAssemblies/Unity.Burst.Editor.dll reason: File does not contain a valid CIL image
Loading assembly failed: "Library/ScriptAssemblies/Unity.Burst.Editor.dll" reason: File does not contain a valid CIL image
Failed loading assembly Library/ScriptAssemblies/UnityEditor.TestRunner.dll reason: File does not contain a valid CIL image
Loading assembly failed: "Library/ScriptAssemblies/UnityEditor.TestRunner.dll" reason: File does not contain a valid CIL image
Failed loading assembly Library/ScriptAssemblies/Unity.ProBuilder.Csg.dll reason: File does not contain a valid CIL image
Loading assembly failed: "Library/ScriptAssemblies/Unity.ProBuilder.Csg.dll" reason: File does not contain a valid CIL image
Failed loading assembly Library/ScriptAssemblies/Unity.ProBuilder.dll reason: File does not contain a valid CIL image
Loading assembly failed: "Library/ScriptAssemblies/Unity.ProBuilder.dll" reason: File does not contain a valid CIL image
Failed loading assembly Library/ScriptAssemblies/Unity.ProBuilder.Editor.dll reason: File does not contain a valid CIL image
Loading assembly failed: "Library/ScriptAssemblies/Unity.ProBuilder.Editor.dll" reason: File does not contain a valid CIL image
Failed loading assembly Library/ScriptAssemblies/UnityEditor.UI.dll reason: File does not contain a valid CIL image
Loading assembly failed: "Library/ScriptAssemblies/UnityEditor.UI.dll" reason: File does not contain a valid CIL image
Failed loading assembly Library/ScriptAssemblies/Unity.PlasticSCM.Editor.dll reason: File does not contain a valid CIL image
Loading assembly failed: "Library/ScriptAssemblies/Unity.PlasticSCM.Editor.dll" reason: File does not contain a valid CIL image
Failed loading assembly Library/ScriptAssemblies/Unity.Rider.Editor.dll reason: File does not contain a valid CIL image
Loading assembly failed: "Library/ScriptAssemblies/Unity.Rider.Editor.dll" reason: File does not contain a valid CIL image
Failed loading assembly Library/ScriptAssemblies/Unity.ProGrids.Editor.dll reason: File does not contain a valid CIL image
Loading assembly failed: "Library/ScriptAssemblies/Unity.ProGrids.Editor.dll" reason: File does not contain a valid CIL image
Failed loading assembly Library/ScriptAssemblies/UnityEngine.UI.dll reason: File does not contain a valid CIL image
Loading assembly failed: "Library/ScriptAssemblies/UnityEngine.UI.dll" reason: File does not contain a valid CIL image
Failed loading assembly Library/ScriptAssemblies/Unity.ProBuilder.Poly2Tri.dll reason: File does not contain a valid CIL image
Loading assembly failed: "Library/ScriptAssemblies/Unity.ProBuilder.Poly2Tri.dll" reason: File does not contain a valid CIL image
Failed loading assembly Library/ScriptAssemblies/Unity.Animation.Rigging.dll reason: File does not contain a valid CIL image
Loading assembly failed: "Library/ScriptAssemblies/Unity.Animation.Rigging.dll" reason: File does not contain a valid CIL image
Failed loading assembly Library/ScriptAssemblies/Unity.Mathematics.dll reason: File does not contain a valid CIL image
Loading assembly failed: "Library/ScriptAssemblies/Unity.Mathematics.dll" reason: File does not contain a valid CIL image
Failed loading assembly Library/ScriptAssemblies/Unity.ProBuilder.KdTree.dll reason: File does not contain a valid CIL image
Loading assembly failed: "Library/ScriptAssemblies/Unity.ProBuilder.KdTree.dll" reason: File does not contain a valid CIL image
Failed loading assembly Library/ScriptAssemblies/Unity.Services.Core.Editor.dll reason: File does not contain a valid CIL image
Loading assembly failed: "Library/ScriptAssemblies/Unity.Services.Core.Editor.dll" reason: File does not contain a valid CIL image
Failed loading assembly Library/ScriptAssemblies/Cinemachine.dll reason: File does not contain a valid CIL image
Loading assembly failed: "Library/ScriptAssemblies/Cinemachine.dll" reason: File does not contain a valid CIL image
Failed loading assembly Library/ScriptAssemblies/Unity.Burst.dll reason: File does not contain a valid CIL image
Loading assembly failed: "Library/ScriptAssemblies/Unity.Burst.dll" reason: File does not contain a valid CIL image
Failed loading assembly Library/ScriptAssemblies/com.unity.cinemachine.editor.dll reason: File does not contain a valid CIL image
Loading assembly failed: "Library/ScriptAssemblies/com.unity.cinemachine.editor.dll" reason: File does not contain a valid CIL image
Failed loading assembly Library/ScriptAssemblies/Unity.ProBuilder.AssetIdRemapUtility.dll reason: File does not contain a valid CIL image
Loading assembly failed: "Library/ScriptAssemblies/Unity.ProBuilder.AssetIdRemapUtility.dll" reason: File does not contain a valid CIL image
Failed loading assembly Library/ScriptAssemblies/Unity.ProBuilder.Stl.dll reason: File does not contain a valid CIL image
Loading assembly failed: "Library/ScriptAssemblies/Unity.ProBuilder.Stl.dll" reason: File does not contain a valid CIL image
Failed loading assembly Library/ScriptAssemblies/Unity.Settings.Editor.dll reason: File does not contain a valid CIL image
Loading assembly failed: "Library/ScriptAssemblies/Unity.Settings.Editor.dll" reason: File does not contain a valid CIL image
Failed loading assembly Library/ScriptAssemblies/Unity.Timeline.Editor.dll reason: File does not contain a valid CIL image
Loading assembly failed: "Library/ScriptAssemblies/Unity.Timeline.Editor.dll" reason: File does not contain a valid CIL image
Failed loading assembly Library/ScriptAssemblies/Unity.CollabProxy.Editor.dll reason: File does not contain a valid CIL image
Loading assembly failed: "Library/ScriptAssemblies/Unity.CollabProxy.Editor.dll" reason: File does not contain a valid CIL image
Failed loading assembly Library/ScriptAssemblies/Unity.Mathematics.Editor.dll reason: File does not contain a valid CIL image
Loading assembly failed: "Library/ScriptAssemblies/Unity.Mathematics.Editor.dll" reason: File does not contain a valid CIL image
Failed loading assembly Library/ScriptAssemblies/Unity.ProGrids.dll reason: File does not contain a valid CIL image
Loading assembly failed: "Library/ScriptAssemblies/Unity.ProGrids.dll" reason: File does not contain a valid CIL image
Failed loading assembly Library/ScriptAssemblies/Unity.Animation.Rigging.Editor.dll reason: File does not contain a valid CIL image
Loading assembly failed: "Library/ScriptAssemblies/Unity.Animation.Rigging.Editor.dll" reason: File does not contain a valid CIL image
Native extension for WindowsStandalone target not found
Refreshing native plugins compatible for Editor in 0.68 ms, found 2 plugins.
Preloading 0 native plugins for Editor in 0.00 ms.
Mono: successfully reloaded assembly
- Completed reload, in  1.235 seconds
Domain Reload Profiling:
	ReloadAssembly (1237ms)
		BeginReloadAssembly (254ms)
			ExecutionOrderSort (0ms)
			DisableScriptedObjects (6ms)
			BackupInstance (0ms)
			ReleaseScriptingObjects (0ms)
			CreateAndSetChildDomain (25ms)
		EndReloadAssembly (899ms)
			LoadAssemblies (195ms)
			RebuildTransferFunctionScriptingTraits (0ms)
			SetupTypeCache (338ms)
			ReleaseScriptCaches (2ms)
			RebuildScriptCaches (37ms)
			SetupLoadedEditorAssemblies (286ms)
				LogAssemblyErrors (0ms)
				InitializePlatformSupportModulesInManaged (5ms)
				SetLoadedEditorAssemblies (1ms)
				RefreshPlugins (1ms)
				BeforeProcessingInitializeOnLoad (106ms)
				ProcessInitializeOnLoadAttributes (147ms)
				ProcessInitializeOnLoadMethodAttributes (14ms)
				AfterProcessingInitializeOnLoad (12ms)
				EditorAssembliesLoaded (0ms)
			ExecutionOrderSort2 (0ms)
			AwakeInstancesAfterBackupRestoration (2ms)
Platform modules already initialized, skipping
Assertion failed on expression: 'reloadOk'
========================================================================
Worker process is ready to serve import requests
Launched and connected shader compiler UnityShaderCompiler.exe after 0.07 seconds
Refreshing native plugins compatible for Editor in 0.61 ms, found 2 plugins.
Preloading 0 native plugins for Editor in 0.00 ms.
Unloading 2464 Unused Serialized files (Serialized files now loaded: 0)
System memory in use before: 185.2 MB.
System memory in use after: 185.3 MB.

Unloading 14 unused Assets to reduce memory usage. Loaded Objects now: 2901.
Total: 5.318600 ms (FindLiveObjects: 0.259400 ms CreateObjectMapping: 0.166300 ms MarkObjects: 4.722200 ms  DeleteObjects: 0.168700 ms)

AssetImportParameters requested are different than current active one (requested -> active):
  custom:framework-win-MediaFoundation: 216162199b28c13a410421893ffa2e32 -> 
  custom:video-decoder-ogg-theora: a1e56fd34408186e4bbccfd4996cb3dc -> 
  custom:container-muxer-webm: aa71ff27fc2769a1b78a27578f13a17b -> 
  custom:container-demuxer-webm: 4f35f7cbe854078d1ac9338744f61a02 -> 
  custom:container-demuxer-ogg: 62fdf1f143b41e24485cea50d1cbac27 -> 
  custom:video-encoder-webm-vp8: eb34c28f22e8b96e1ab97ce403110664 -> 
  custom:video-decoder-webm-vp8: 9c59270c3fd7afecdb556c50c9e8de78 -> 
  custom:audio-decoder-ogg-vorbis: bf7c407c2cedff20999df2af8eb42d56 -> 
  custom:audio-encoder-webm-vorbis: bf7c407c2cedff20999df2af8eb42d56 -> 
========================================================================
Received Import Request.
  path: Assets/Prefabs/EventSystem.prefab
  artifactKey: Guid(1fa03bb9e25992b40ae6d67914d8ec09) Importer(815301076,1909f56bfc062723c751e8b465ee728b)
Start importing Assets/Prefabs/EventSystem.prefab using Guid(1fa03bb9e25992b40ae6d67914d8ec09) Importer(815301076,1909f56bfc062723c751e8b465ee728b)  -> (artifact id: '2c3d3390a5b09ba0aa832a5448976b28') in 0.086335 seconds 
========================================================================
Received Import Request.
  Time since last request: 0.000705 seconds.
  path: Assets/Prefabs/Canvas.prefab
  artifactKey: Guid(35a7a366ac34fda4db1d92766930b9b3) Importer(815301076,1909f56bfc062723c751e8b465ee728b)
Start importing Assets/Prefabs/Canvas.prefab using Guid(35a7a366ac34fda4db1d92766930b9b3) Importer(815301076,1909f56bfc062723c751e8b465ee728b)  -> (artifact id: '9e3d7b2c3dd372c131626bf3dac62ad9') in 0.009628 seconds 
========================================================================
Received Import Request.
  Time since last request: 0.000671 seconds.
  path: Assets/PLayer.prefab
  artifactKey: Guid(fb0b2fc881363a34cac42dc72a472f08) Importer(815301076,1909f56bfc062723c751e8b465ee728b)
Start importing Assets/PLayer.prefab using Guid(fb0b2fc881363a34cac42dc72a472f08) Importer(815301076,1909f56bfc062723c751e8b465ee728b)  -> (artifact id: 'def4c88cc8c6c4719411a00e311f08c2') in 0.158326 seconds 
========================================================================
Received Import Request.
  Time since last request: 1088.636372 seconds.
  path: Assets/Prefabs/UI
  artifactKey: Guid(7f4283a5559792c45ac62b075d60321e) Importer(815301076,1909f56bfc062723c751e8b465ee728b)
Start importing Assets/Prefabs/UI using Guid(7f4283a5559792c45ac62b075d60321e) Importer(815301076,1909f56bfc062723c751e8b465ee728b)  -> (artifact id: '8421cbe9ba10f5f3d928a83fee7c14f9') in 0.036039 seconds 
========================================================================
Received Import Request.
  Time since last request: 0.000667 seconds.
  path: Assets/Prefabs/UI/Canvas.prefab
  artifactKey: Guid(dcb039dc12320cc4f968fb9dae53c699) Importer(815301076,1909f56bfc062723c751e8b465ee728b)
Start importing Assets/Prefabs/UI/Canvas.prefab using Guid(dcb039dc12320cc4f968fb9dae53c699) Importer(815301076,1909f56bfc062723c751e8b465ee728b)  -> (artifact id: '5603e08f8e740a654a785d385732d01a') in 0.185419 seconds 
